<?xml version="1.0" encoding="UTF-8"?>
<!-- Generated by org.testng.reporters.JUnitReportReporter -->
<testsuite skipped="2" hostname="LAPTOP-OL3GGV0J" name="com.pagefactory.testcases.LoginTest" tests="2" failures="0" timestamp="18 Feb 2019 09:36:16 GMT" time="3.607" errors="0">
  <testcase name="doLogin" time="3.368" classname="com.pagefactory.testcases.LoginTest">
    <skipped/>
  </testcase> <!-- doLogin -->
  <testcase name="doLogin" time="0.239" classname="com.pagefactory.testcases.LoginTest">
    <skipped/>
  </testcase> <!-- doLogin -->
</testsuite> <!-- com.pagefactory.testcases.LoginTest -->
