<?xml version="1.0" encoding="UTF-8"?>
<!-- Generated by org.testng.reporters.JUnitReportReporter -->
<testsuite skipped="2" hostname="LAPTOP-OL3GGV0J" name="com.pagefactory.testcases.LoginTest" tests="2" failures="0" timestamp="18 Feb 2019 13:08:50 GMT" time="0.178" errors="0">
  <testcase name="doLogin" time="0.086" classname="com.pagefactory.testcases.LoginTest">
    <skipped/>
  </testcase> <!-- doLogin -->
  <testcase name="doLogin" time="0.092" classname="com.pagefactory.testcases.LoginTest">
    <skipped/>
  </testcase> <!-- doLogin -->
</testsuite> <!-- com.pagefactory.testcases.LoginTest -->
