<?xml version="1.0" encoding="UTF-8"?>
<!-- Generated by org.testng.reporters.JUnitReportReporter -->
<testsuite skipped="2" hostname="LAPTOP-OL3GGV0J" name="com.pagefactory.testcases.ChangePicTest" tests="2" failures="0" timestamp="18 Feb 2019 13:08:50 GMT" time="1.222" errors="0">
  <testcase name="changePicTest" time="1.071" classname="com.pagefactory.testcases.ChangePicTest">
    <skipped/>
  </testcase> <!-- changePicTest -->
  <testcase name="changePicTest" time="0.151" classname="com.pagefactory.testcases.ChangePicTest">
    <skipped/>
  </testcase> <!-- changePicTest -->
</testsuite> <!-- com.pagefactory.testcases.ChangePicTest -->
