<?xml version="1.0" encoding="UTF-8"?>
<!-- Generated by org.testng.reporters.JUnitReportReporter -->
<testsuite skipped="1" hostname="LAPTOP-OL3GGV0J" name="com.pagefactory.testcases.ProfileTest" tests="2" failures="0" timestamp="18 Feb 2019 13:08:50 GMT" time="134.906" errors="0">
  <testcase name="profileTest" time="133.341" classname="com.pagefactory.testcases.ProfileTest"/>
  <testcase name="profileTest" time="1.565" classname="com.pagefactory.testcases.ProfileTest">
    <skipped/>
  </testcase> <!-- profileTest -->
</testsuite> <!-- com.pagefactory.testcases.ProfileTest -->
